[000] hls: [4], lr: 0.001, wd: 0.01, ep: 1500
[000] hls: [4], lr: 0.001, wd: 0.01, ep: 1500
[001] hls: [4], lr: 0.001, wd: 0.001, ep: 1500
[001] hls: [4], lr: 0.001, wd: 0.001, ep: 1500
[002] hls: [4], lr: 0.001, wd: 0.0001, ep: 1500
[002] hls: [4], lr: 0.001, wd: 0.0001, ep: 1500
[003] hls: [4], lr: 0.0025, wd: 0.01, ep: 1500
[003] hls: [4], lr: 0.0025, wd: 0.01, ep: 1500
[004] hls: [4], lr: 0.0025, wd: 0.001, ep: 1500
[004] hls: [4], lr: 0.0025, wd: 0.001, ep: 1500
[005] hls: [4], lr: 0.0025, wd: 0.0001, ep: 1500
[005] hls: [4], lr: 0.0025, wd: 0.0001, ep: 1500
[006] hls: [4], lr: 0.005, wd: 0.01, ep: 1500
[006] hls: [4], lr: 0.005, wd: 0.01, ep: 1500
[007] hls: [4], lr: 0.005, wd: 0.001, ep: 1500
[007] hls: [4], lr: 0.005, wd: 0.001, ep: 1500
[008] hls: [4], lr: 0.005, wd: 0.0001, ep: 1500
[008] hls: [4], lr: 0.005, wd: 0.0001, ep: 1500
[009] hls: [6], lr: 0.001, wd: 0.01, ep: 1500
[009] hls: [6], lr: 0.001, wd: 0.01, ep: 1500
[010] hls: [6], lr: 0.001, wd: 0.001, ep: 1500
[010] hls: [6], lr: 0.001, wd: 0.001, ep: 1500
[011] hls: [6], lr: 0.001, wd: 0.0001, ep: 1500
[011] hls: [6], lr: 0.001, wd: 0.0001, ep: 1500
[012] hls: [6], lr: 0.0025, wd: 0.01, ep: 1500
[012] hls: [6], lr: 0.0025, wd: 0.01, ep: 1500
[013] hls: [6], lr: 0.0025, wd: 0.001, ep: 1500
[013] hls: [6], lr: 0.0025, wd: 0.001, ep: 1500
[014] hls: [6], lr: 0.0025, wd: 0.0001, ep: 1500
[014] hls: [6], lr: 0.0025, wd: 0.0001, ep: 1500
[015] hls: [6], lr: 0.005, wd: 0.01, ep: 1500
[016] hls: [6], lr: 0.005, wd: 0.001, ep: 1500
[015] hls: [6], lr: 0.005, wd: 0.01, ep: 1500
[017] hls: [6], lr: 0.005, wd: 0.0001, ep: 1500
[016] hls: [6], lr: 0.005, wd: 0.001, ep: 1500
[017] hls: [6], lr: 0.005, wd: 0.0001, ep: 1500
[018] hls: [8], lr: 0.001, wd: 0.01, ep: 1500
[019] hls: [8], lr: 0.001, wd: 0.001, ep: 1500
[018] hls: [8], lr: 0.001, wd: 0.01, ep: 1500
[020] hls: [8], lr: 0.001, wd: 0.0001, ep: 1500
[019] hls: [8], lr: 0.001, wd: 0.001, ep: 1500
[021] hls: [8], lr: 0.0025, wd: 0.01, ep: 1500
[020] hls: [8], lr: 0.001, wd: 0.0001, ep: 1500
[022] hls: [8], lr: 0.0025, wd: 0.001, ep: 1500
[021] hls: [8], lr: 0.0025, wd: 0.01, ep: 1500
[023] hls: [8], lr: 0.0025, wd: 0.0001, ep: 1500
[022] hls: [8], lr: 0.0025, wd: 0.001, ep: 1500
[023] hls: [8], lr: 0.0025, wd: 0.0001, ep: 1500
[024] hls: [8], lr: 0.005, wd: 0.01, ep: 1500
[025] hls: [8], lr: 0.005, wd: 0.001, ep: 1500
[024] hls: [8], lr: 0.005, wd: 0.01, ep: 1500
[026] hls: [8], lr: 0.005, wd: 0.0001, ep: 1500
[025] hls: [8], lr: 0.005, wd: 0.001, ep: 1500
[027] hls: [16], lr: 0.001, wd: 0.01, ep: 1500
[026] hls: [8], lr: 0.005, wd: 0.0001, ep: 1500
[028] hls: [16], lr: 0.001, wd: 0.001, ep: 1500
[027] hls: [16], lr: 0.001, wd: 0.01, ep: 1500
[029] hls: [16], lr: 0.001, wd: 0.0001, ep: 1500
[028] hls: [16], lr: 0.001, wd: 0.001, ep: 1500
[029] hls: [16], lr: 0.001, wd: 0.0001, ep: 1500
[030] hls: [16], lr: 0.0025, wd: 0.01, ep: 1500
[031] hls: [16], lr: 0.0025, wd: 0.001, ep: 1500
[030] hls: [16], lr: 0.0025, wd: 0.01, ep: 1500
[032] hls: [16], lr: 0.0025, wd: 0.0001, ep: 1500
[031] hls: [16], lr: 0.0025, wd: 0.001, ep: 1500
[033] hls: [16], lr: 0.005, wd: 0.01, ep: 1500
[032] hls: [16], lr: 0.0025, wd: 0.0001, ep: 1500
[034] hls: [16], lr: 0.005, wd: 0.001, ep: 1500
[035] hls: [16], lr: 0.005, wd: 0.0001, ep: 1500
[033] hls: [16], lr: 0.005, wd: 0.01, ep: 1500
[034] hls: [16], lr: 0.005, wd: 0.001, ep: 1500
[036] hls: [32], lr: 0.001, wd: 0.01, ep: 1500
[035] hls: [16], lr: 0.005, wd: 0.0001, ep: 1500
[037] hls: [32], lr: 0.001, wd: 0.001, ep: 1500
[036] hls: [32], lr: 0.001, wd: 0.01, ep: 1500
[037] hls: [32], lr: 0.001, wd: 0.001, ep: 1500
[038] hls: [32], lr: 0.001, wd: 0.0001, ep: 1500
[038] hls: [32], lr: 0.001, wd: 0.0001, ep: 1500
[039] hls: [32], lr: 0.0025, wd: 0.01, ep: 1500
[040] hls: [32], lr: 0.0025, wd: 0.001, ep: 1500
[039] hls: [32], lr: 0.0025, wd: 0.01, ep: 1500
[041] hls: [32], lr: 0.0025, wd: 0.0001, ep: 1500
[040] hls: [32], lr: 0.0025, wd: 0.001, ep: 1500
[042] hls: [32], lr: 0.005, wd: 0.01, ep: 1500
[041] hls: [32], lr: 0.0025, wd: 0.0001, ep: 1500
[043] hls: [32], lr: 0.005, wd: 0.001, ep: 1500
[044] hls: [32], lr: 0.005, wd: 0.0001, ep: 1500
[042] hls: [32], lr: 0.005, wd: 0.01, ep: 1500
[043] hls: [32], lr: 0.005, wd: 0.001, ep: 1500
[045] hls: [64], lr: 0.001, wd: 0.01, ep: 1500
[044] hls: [32], lr: 0.005, wd: 0.0001, ep: 1500
[046] hls: [64], lr: 0.001, wd: 0.001, ep: 1500
[045] hls: [64], lr: 0.001, wd: 0.01, ep: 1500
[047] hls: [64], lr: 0.001, wd: 0.0001, ep: 1500
[046] hls: [64], lr: 0.001, wd: 0.001, ep: 1500
[048] hls: [64], lr: 0.0025, wd: 0.01, ep: 1500
[047] hls: [64], lr: 0.001, wd: 0.0001, ep: 1500
[049] hls: [64], lr: 0.0025, wd: 0.001, ep: 1500
[050] hls: [64], lr: 0.0025, wd: 0.0001, ep: 1500
[048] hls: [64], lr: 0.0025, wd: 0.01, ep: 1500
[049] hls: [64], lr: 0.0025, wd: 0.001, ep: 1500
[051] hls: [64], lr: 0.005, wd: 0.01, ep: 1500
[052] hls: [64], lr: 0.005, wd: 0.001, ep: 1500
[050] hls: [64], lr: 0.0025, wd: 0.0001, ep: 1500
[053] hls: [64], lr: 0.005, wd: 0.0001, ep: 1500
[051] hls: [64], lr: 0.005, wd: 0.01, ep: 1500
[052] hls: [64], lr: 0.005, wd: 0.001, ep: 1500
[054] hls: [16, 8], lr: 0.001, wd: 0.01, ep: 1500
[053] hls: [64], lr: 0.005, wd: 0.0001, ep: 1500
[054] hls: [16, 8], lr: 0.001, wd: 0.01, ep: 1500
[055] hls: [16, 8], lr: 0.001, wd: 0.001, ep: 1500
[055] hls: [16, 8], lr: 0.001, wd: 0.001, ep: 1500
[056] hls: [16, 8], lr: 0.001, wd: 0.0001, ep: 1500
[056] hls: [16, 8], lr: 0.001, wd: 0.0001, ep: 1500
[057] hls: [16, 8], lr: 0.0025, wd: 0.01, ep: 1500
[058] hls: [16, 8], lr: 0.0025, wd: 0.001, ep: 1500
[057] hls: [16, 8], lr: 0.0025, wd: 0.01, ep: 1500
[059] hls: [16, 8], lr: 0.0025, wd: 0.0001, ep: 1500
[058] hls: [16, 8], lr: 0.0025, wd: 0.001, ep: 1500
[060] hls: [16, 8], lr: 0.005, wd: 0.01, ep: 1500
[059] hls: [16, 8], lr: 0.0025, wd: 0.0001, ep: 1500
[061] hls: [16, 8], lr: 0.005, wd: 0.001, ep: 1500
[062] hls: [16, 8], lr: 0.005, wd: 0.0001, ep: 1500
[060] hls: [16, 8], lr: 0.005, wd: 0.01, ep: 1500
[061] hls: [16, 8], lr: 0.005, wd: 0.001, ep: 1500
[063] hls: [32, 16], lr: 0.001, wd: 0.01, ep: 1500
[062] hls: [16, 8], lr: 0.005, wd: 0.0001, ep: 1500
[064] hls: [32, 16], lr: 0.001, wd: 0.001, ep: 1500
[063] hls: [32, 16], lr: 0.001, wd: 0.01, ep: 1500
[064] hls: [32, 16], lr: 0.001, wd: 0.001, ep: 1500
[065] hls: [32, 16], lr: 0.001, wd: 0.0001, ep: 1500
[066] hls: [32, 16], lr: 0.0025, wd: 0.01, ep: 1500
[065] hls: [32, 16], lr: 0.001, wd: 0.0001, ep: 1500
[067] hls: [32, 16], lr: 0.0025, wd: 0.001, ep: 1500
[068] hls: [32, 16], lr: 0.0025, wd: 0.0001, ep: 1500
[066] hls: [32, 16], lr: 0.0025, wd: 0.01, ep: 1500
[067] hls: [32, 16], lr: 0.0025, wd: 0.001, ep: 1500
[069] hls: [32, 16], lr: 0.005, wd: 0.01, ep: 1500
[070] hls: [32, 16], lr: 0.005, wd: 0.001, ep: 1500
[068] hls: [32, 16], lr: 0.0025, wd: 0.0001, ep: 1500
[071] hls: [32, 16], lr: 0.005, wd: 0.0001, ep: 1500
[069] hls: [32, 16], lr: 0.005, wd: 0.01, ep: 1500
[072] hls: [64, 32], lr: 0.001, wd: 0.01, ep: 1500
[070] hls: [32, 16], lr: 0.005, wd: 0.001, ep: 1500
[073] hls: [64, 32], lr: 0.001, wd: 0.001, ep: 1500
[071] hls: [32, 16], lr: 0.005, wd: 0.0001, ep: 1500
[072] hls: [64, 32], lr: 0.001, wd: 0.01, ep: 1500
[074] hls: [64, 32], lr: 0.001, wd: 0.0001, ep: 1500
[073] hls: [64, 32], lr: 0.001, wd: 0.001, ep: 1500
[075] hls: [64, 32], lr: 0.0025, wd: 0.01, ep: 1500
[076] hls: [64, 32], lr: 0.0025, wd: 0.001, ep: 1500
[074] hls: [64, 32], lr: 0.001, wd: 0.0001, ep: 1500
[077] hls: [64, 32], lr: 0.0025, wd: 0.0001, ep: 1500
[075] hls: [64, 32], lr: 0.0025, wd: 0.01, ep: 1500
[076] hls: [64, 32], lr: 0.0025, wd: 0.001, ep: 1500
[078] hls: [64, 32], lr: 0.005, wd: 0.01, ep: 1500
[079] hls: [64, 32], lr: 0.005, wd: 0.001, ep: 1500
[077] hls: [64, 32], lr: 0.0025, wd: 0.0001, ep: 1500
[080] hls: [64, 32], lr: 0.005, wd: 0.0001, ep: 1500
[078] hls: [64, 32], lr: 0.005, wd: 0.01, ep: 1500
[081] hls: [64, 32, 16], lr: 0.001, wd: 0.01, ep: 1500
[079] hls: [64, 32], lr: 0.005, wd: 0.001, ep: 1500
[080] hls: [64, 32], lr: 0.005, wd: 0.0001, ep: 1500
[082] hls: [64, 32, 16], lr: 0.001, wd: 0.001, ep: 1500
[081] hls: [64, 32, 16], lr: 0.001, wd: 0.01, ep: 1500
[083] hls: [64, 32, 16], lr: 0.001, wd: 0.0001, ep: 1500
[082] hls: [64, 32, 16], lr: 0.001, wd: 0.001, ep: 1500
[084] hls: [64, 32, 16], lr: 0.0025, wd: 0.01, ep: 1500
[083] hls: [64, 32, 16], lr: 0.001, wd: 0.0001, ep: 1500
[085] hls: [64, 32, 16], lr: 0.0025, wd: 0.001, ep: 1500
[086] hls: [64, 32, 16], lr: 0.0025, wd: 0.0001, ep: 1500
[084] hls: [64, 32, 16], lr: 0.0025, wd: 0.01, ep: 1500
[085] hls: [64, 32, 16], lr: 0.0025, wd: 0.001, ep: 1500
[087] hls: [64, 32, 16], lr: 0.005, wd: 0.01, ep: 1500
[088] hls: [64, 32, 16], lr: 0.005, wd: 0.001, ep: 1500
[086] hls: [64, 32, 16], lr: 0.0025, wd: 0.0001, ep: 1500
[089] hls: [64, 32, 16], lr: 0.005, wd: 0.0001, ep: 1500
[087] hls: [64, 32, 16], lr: 0.005, wd: 0.01, ep: 1500
[088] hls: [64, 32, 16], lr: 0.005, wd: 0.001, ep: 1500
[000] hls: [4], lr: 0.001, wd: 0.01, ep: 1500
[089] hls: [64, 32, 16], lr: 0.005, wd: 0.0001, ep: 1500
[001] hls: [4], lr: 0.001, wd: 0.001, ep: 1500
[000] hls: [4], lr: 0.001, wd: 0.01, ep: 1500
[002] hls: [4], lr: 0.001, wd: 0.0001, ep: 1500
[003] hls: [4], lr: 0.0025, wd: 0.01, ep: 1500
[001] hls: [4], lr: 0.001, wd: 0.001, ep: 1500
[004] hls: [4], lr: 0.0025, wd: 0.001, ep: 1500
[002] hls: [4], lr: 0.001, wd: 0.0001, ep: 1500
[005] hls: [4], lr: 0.0025, wd: 0.0001, ep: 1500
[003] hls: [4], lr: 0.0025, wd: 0.01, ep: 1500
[006] hls: [4], lr: 0.005, wd: 0.01, ep: 1500
[004] hls: [4], lr: 0.0025, wd: 0.001, ep: 1500
[007] hls: [4], lr: 0.005, wd: 0.001, ep: 1500
[005] hls: [4], lr: 0.0025, wd: 0.0001, ep: 1500
[008] hls: [4], lr: 0.005, wd: 0.0001, ep: 1500
[006] hls: [4], lr: 0.005, wd: 0.01, ep: 1500
[009] hls: [6], lr: 0.001, wd: 0.01, ep: 1500
[007] hls: [4], lr: 0.005, wd: 0.001, ep: 1500
[010] hls: [6], lr: 0.001, wd: 0.001, ep: 1500
[008] hls: [4], lr: 0.005, wd: 0.0001, ep: 1500
[011] hls: [6], lr: 0.001, wd: 0.0001, ep: 1500
[009] hls: [6], lr: 0.001, wd: 0.01, ep: 1500
[012] hls: [6], lr: 0.0025, wd: 0.01, ep: 1500
[010] hls: [6], lr: 0.001, wd: 0.001, ep: 1500
[013] hls: [6], lr: 0.0025, wd: 0.001, ep: 1500
[011] hls: [6], lr: 0.001, wd: 0.0001, ep: 1500
[014] hls: [6], lr: 0.0025, wd: 0.0001, ep: 1500
[012] hls: [6], lr: 0.0025, wd: 0.01, ep: 1500
[015] hls: [6], lr: 0.005, wd: 0.01, ep: 1500
[016] hls: [6], lr: 0.005, wd: 0.001, ep: 1500
[013] hls: [6], lr: 0.0025, wd: 0.001, ep: 1500
[017] hls: [6], lr: 0.005, wd: 0.0001, ep: 1500
[014] hls: [6], lr: 0.0025, wd: 0.0001, ep: 1500
[018] hls: [8], lr: 0.001, wd: 0.01, ep: 1500
[015] hls: [6], lr: 0.005, wd: 0.01, ep: 1500
[016] hls: [6], lr: 0.005, wd: 0.001, ep: 1500
[019] hls: [8], lr: 0.001, wd: 0.001, ep: 1500
[017] hls: [6], lr: 0.005, wd: 0.0001, ep: 1500
[020] hls: [8], lr: 0.001, wd: 0.0001, ep: 1500
[018] hls: [8], lr: 0.001, wd: 0.01, ep: 1500
[021] hls: [8], lr: 0.0025, wd: 0.01, ep: 1500
[019] hls: [8], lr: 0.001, wd: 0.001, ep: 1500
[022] hls: [8], lr: 0.0025, wd: 0.001, ep: 1500
[023] hls: [8], lr: 0.0025, wd: 0.0001, ep: 1500
[020] hls: [8], lr: 0.001, wd: 0.0001, ep: 1500
[024] hls: [8], lr: 0.005, wd: 0.01, ep: 1500
[021] hls: [8], lr: 0.0025, wd: 0.01, ep: 1500
[025] hls: [8], lr: 0.005, wd: 0.001, ep: 1500
[022] hls: [8], lr: 0.0025, wd: 0.001, ep: 1500
[026] hls: [8], lr: 0.005, wd: 0.0001, ep: 1500
[023] hls: [8], lr: 0.0025, wd: 0.0001, ep: 1500
[027] hls: [16], lr: 0.001, wd: 0.01, ep: 1500
[024] hls: [8], lr: 0.005, wd: 0.01, ep: 1500
[028] hls: [16], lr: 0.001, wd: 0.001, ep: 1500
[025] hls: [8], lr: 0.005, wd: 0.001, ep: 1500
[026] hls: [8], lr: 0.005, wd: 0.0001, ep: 1500
[029] hls: [16], lr: 0.001, wd: 0.0001, ep: 1500
[027] hls: [16], lr: 0.001, wd: 0.01, ep: 1500
[030] hls: [16], lr: 0.0025, wd: 0.01, ep: 1500
[031] hls: [16], lr: 0.0025, wd: 0.001, ep: 1500
[028] hls: [16], lr: 0.001, wd: 0.001, ep: 1500
[032] hls: [16], lr: 0.0025, wd: 0.0001, ep: 1500
[029] hls: [16], lr: 0.001, wd: 0.0001, ep: 1500
[033] hls: [16], lr: 0.005, wd: 0.01, ep: 1500
[034] hls: [16], lr: 0.005, wd: 0.001, ep: 1500
[030] hls: [16], lr: 0.0025, wd: 0.01, ep: 1500
[035] hls: [16], lr: 0.005, wd: 0.0001, ep: 1500
[031] hls: [16], lr: 0.0025, wd: 0.001, ep: 1500
[036] hls: [32], lr: 0.001, wd: 0.01, ep: 1500
[032] hls: [16], lr: 0.0025, wd: 0.0001, ep: 1500
[037] hls: [32], lr: 0.001, wd: 0.001, ep: 1500
[033] hls: [16], lr: 0.005, wd: 0.01, ep: 1500
[034] hls: [16], lr: 0.005, wd: 0.001, ep: 1500
[038] hls: [32], lr: 0.001, wd: 0.0001, ep: 1500
[035] hls: [16], lr: 0.005, wd: 0.0001, ep: 1500
[039] hls: [32], lr: 0.0025, wd: 0.01, ep: 1500
[036] hls: [32], lr: 0.001, wd: 0.01, ep: 1500
[040] hls: [32], lr: 0.0025, wd: 0.001, ep: 1500
[037] hls: [32], lr: 0.001, wd: 0.001, ep: 1500
[041] hls: [32], lr: 0.0025, wd: 0.0001, ep: 1500
[038] hls: [32], lr: 0.001, wd: 0.0001, ep: 1500
[042] hls: [32], lr: 0.005, wd: 0.01, ep: 1500
[043] hls: [32], lr: 0.005, wd: 0.001, ep: 1500
[039] hls: [32], lr: 0.0025, wd: 0.01, ep: 1500
[044] hls: [32], lr: 0.005, wd: 0.0001, ep: 1500
[040] hls: [32], lr: 0.0025, wd: 0.001, ep: 1500
[045] hls: [64], lr: 0.001, wd: 0.01, ep: 1500
[041] hls: [32], lr: 0.0025, wd: 0.0001, ep: 1500
[046] hls: [64], lr: 0.001, wd: 0.001, ep: 1500
[042] hls: [32], lr: 0.005, wd: 0.01, ep: 1500
[043] hls: [32], lr: 0.005, wd: 0.001, ep: 1500
[047] hls: [64], lr: 0.001, wd: 0.0001, ep: 1500
[044] hls: [32], lr: 0.005, wd: 0.0001, ep: 1500
[048] hls: [64], lr: 0.0025, wd: 0.01, ep: 1500
[045] hls: [64], lr: 0.001, wd: 0.01, ep: 1500
[049] hls: [64], lr: 0.0025, wd: 0.001, ep: 1500
[046] hls: [64], lr: 0.001, wd: 0.001, ep: 1500
[050] hls: [64], lr: 0.0025, wd: 0.0001, ep: 1500
[047] hls: [64], lr: 0.001, wd: 0.0001, ep: 1500
[051] hls: [64], lr: 0.005, wd: 0.01, ep: 1500
[052] hls: [64], lr: 0.005, wd: 0.001, ep: 1500
[048] hls: [64], lr: 0.0025, wd: 0.01, ep: 1500
[053] hls: [64], lr: 0.005, wd: 0.0001, ep: 1500
[049] hls: [64], lr: 0.0025, wd: 0.001, ep: 1500
[050] hls: [64], lr: 0.0025, wd: 0.0001, ep: 1500
[054] hls: [16, 8], lr: 0.001, wd: 0.01, ep: 1500
[051] hls: [64], lr: 0.005, wd: 0.01, ep: 1500
[052] hls: [64], lr: 0.005, wd: 0.001, ep: 1500
[055] hls: [16, 8], lr: 0.001, wd: 0.001, ep: 1500
[053] hls: [64], lr: 0.005, wd: 0.0001, ep: 1500
[054] hls: [16, 8], lr: 0.001, wd: 0.01, ep: 1500
[056] hls: [16, 8], lr: 0.001, wd: 0.0001, ep: 1500
[055] hls: [16, 8], lr: 0.001, wd: 0.001, ep: 1500
[057] hls: [16, 8], lr: 0.0025, wd: 0.01, ep: 1500
[058] hls: [16, 8], lr: 0.0025, wd: 0.001, ep: 1500
[056] hls: [16, 8], lr: 0.001, wd: 0.0001, ep: 1500
[059] hls: [16, 8], lr: 0.0025, wd: 0.0001, ep: 1500
[057] hls: [16, 8], lr: 0.0025, wd: 0.01, ep: 1500
[058] hls: [16, 8], lr: 0.0025, wd: 0.001, ep: 1500
[060] hls: [16, 8], lr: 0.005, wd: 0.01, ep: 1500
[061] hls: [16, 8], lr: 0.005, wd: 0.001, ep: 1500
[059] hls: [16, 8], lr: 0.0025, wd: 0.0001, ep: 1500
[062] hls: [16, 8], lr: 0.005, wd: 0.0001, ep: 1500
[060] hls: [16, 8], lr: 0.005, wd: 0.01, ep: 1500
[061] hls: [16, 8], lr: 0.005, wd: 0.001, ep: 1500
[063] hls: [32, 16], lr: 0.001, wd: 0.01, ep: 1500
[062] hls: [16, 8], lr: 0.005, wd: 0.0001, ep: 1500
[064] hls: [32, 16], lr: 0.001, wd: 0.001, ep: 1500
[063] hls: [32, 16], lr: 0.001, wd: 0.01, ep: 1500
[064] hls: [32, 16], lr: 0.001, wd: 0.001, ep: 1500
[065] hls: [32, 16], lr: 0.001, wd: 0.0001, ep: 1500
[065] hls: [32, 16], lr: 0.001, wd: 0.0001, ep: 1500
[066] hls: [32, 16], lr: 0.0025, wd: 0.01, ep: 1500
[066] hls: [32, 16], lr: 0.0025, wd: 0.01, ep: 1500
[067] hls: [32, 16], lr: 0.0025, wd: 0.001, ep: 1500
[067] hls: [32, 16], lr: 0.0025, wd: 0.001, ep: 1500
[068] hls: [32, 16], lr: 0.0025, wd: 0.0001, ep: 1500
[068] hls: [32, 16], lr: 0.0025, wd: 0.0001, ep: 1500
[069] hls: [32, 16], lr: 0.005, wd: 0.01, ep: 1500
[069] hls: [32, 16], lr: 0.005, wd: 0.01, ep: 1500
[070] hls: [32, 16], lr: 0.005, wd: 0.001, ep: 1500
[070] hls: [32, 16], lr: 0.005, wd: 0.001, ep: 1500
[071] hls: [32, 16], lr: 0.005, wd: 0.0001, ep: 1500
[071] hls: [32, 16], lr: 0.005, wd: 0.0001, ep: 1500
[072] hls: [64, 32], lr: 0.001, wd: 0.01, ep: 1500
[072] hls: [64, 32], lr: 0.001, wd: 0.01, ep: 1500
[073] hls: [64, 32], lr: 0.001, wd: 0.001, ep: 1500
[073] hls: [64, 32], lr: 0.001, wd: 0.001, ep: 1500
[074] hls: [64, 32], lr: 0.001, wd: 0.0001, ep: 1500
[074] hls: [64, 32], lr: 0.001, wd: 0.0001, ep: 1500
[075] hls: [64, 32], lr: 0.0025, wd: 0.01, ep: 1500
[075] hls: [64, 32], lr: 0.0025, wd: 0.01, ep: 1500
[076] hls: [64, 32], lr: 0.0025, wd: 0.001, ep: 1500
[076] hls: [64, 32], lr: 0.0025, wd: 0.001, ep: 1500
[077] hls: [64, 32], lr: 0.0025, wd: 0.0001, ep: 1500
[077] hls: [64, 32], lr: 0.0025, wd: 0.0001, ep: 1500
[078] hls: [64, 32], lr: 0.005, wd: 0.01, ep: 1500
[078] hls: [64, 32], lr: 0.005, wd: 0.01, ep: 1500
[079] hls: [64, 32], lr: 0.005, wd: 0.001, ep: 1500
[079] hls: [64, 32], lr: 0.005, wd: 0.001, ep: 1500
[080] hls: [64, 32], lr: 0.005, wd: 0.0001, ep: 1500
[080] hls: [64, 32], lr: 0.005, wd: 0.0001, ep: 1500
[081] hls: [64, 32, 16], lr: 0.001, wd: 0.01, ep: 1500
[081] hls: [64, 32, 16], lr: 0.001, wd: 0.01, ep: 1500
[082] hls: [64, 32, 16], lr: 0.001, wd: 0.001, ep: 1500
[082] hls: [64, 32, 16], lr: 0.001, wd: 0.001, ep: 1500
[083] hls: [64, 32, 16], lr: 0.001, wd: 0.0001, ep: 1500
[083] hls: [64, 32, 16], lr: 0.001, wd: 0.0001, ep: 1500
[084] hls: [64, 32, 16], lr: 0.0025, wd: 0.01, ep: 1500
[084] hls: [64, 32, 16], lr: 0.0025, wd: 0.01, ep: 1500
[085] hls: [64, 32, 16], lr: 0.0025, wd: 0.001, ep: 1500
[085] hls: [64, 32, 16], lr: 0.0025, wd: 0.001, ep: 1500
[086] hls: [64, 32, 16], lr: 0.0025, wd: 0.0001, ep: 1500
[086] hls: [64, 32, 16], lr: 0.0025, wd: 0.0001, ep: 1500
[087] hls: [64, 32, 16], lr: 0.005, wd: 0.01, ep: 1500
[087] hls: [64, 32, 16], lr: 0.005, wd: 0.01, ep: 1500
[088] hls: [64, 32, 16], lr: 0.005, wd: 0.001, ep: 1500
[088] hls: [64, 32, 16], lr: 0.005, wd: 0.001, ep: 1500
[089] hls: [64, 32, 16], lr: 0.005, wd: 0.0001, ep: 1500
[089] hls: [64, 32, 16], lr: 0.005, wd: 0.0001, ep: 1500
[000] hls: [4], lr: 0.001, wd: 0.01, ep: 1500
[000] hls: [4], lr: 0.001, wd: 0.01, ep: 1500
[001] hls: [4], lr: 0.001, wd: 0.001, ep: 1500
[001] hls: [4], lr: 0.001, wd: 0.001, ep: 1500
[002] hls: [4], lr: 0.001, wd: 0.0001, ep: 1500
[002] hls: [4], lr: 0.001, wd: 0.0001, ep: 1500
[003] hls: [4], lr: 0.0025, wd: 0.01, ep: 1500
[003] hls: [4], lr: 0.0025, wd: 0.01, ep: 1500
[004] hls: [4], lr: 0.0025, wd: 0.001, ep: 1500
[004] hls: [4], lr: 0.0025, wd: 0.001, ep: 1500
[005] hls: [4], lr: 0.0025, wd: 0.0001, ep: 1500
[005] hls: [4], lr: 0.0025, wd: 0.0001, ep: 1500
[006] hls: [4], lr: 0.005, wd: 0.01, ep: 1500
[007] hls: [4], lr: 0.005, wd: 0.001, ep: 1500
[006] hls: [4], lr: 0.005, wd: 0.01, ep: 1500
[007] hls: [4], lr: 0.005, wd: 0.001, ep: 1500
[008] hls: [4], lr: 0.005, wd: 0.0001, ep: 1500
[008] hls: [4], lr: 0.005, wd: 0.0001, ep: 1500
[009] hls: [6], lr: 0.001, wd: 0.01, ep: 1500
[009] hls: [6], lr: 0.001, wd: 0.01, ep: 1500
[010] hls: [6], lr: 0.001, wd: 0.001, ep: 1500
[010] hls: [6], lr: 0.001, wd: 0.001, ep: 1500
[011] hls: [6], lr: 0.001, wd: 0.0001, ep: 1500
[011] hls: [6], lr: 0.001, wd: 0.0001, ep: 1500
[012] hls: [6], lr: 0.0025, wd: 0.01, ep: 1500
[013] hls: [6], lr: 0.0025, wd: 0.001, ep: 1500
[012] hls: [6], lr: 0.0025, wd: 0.01, ep: 1500
[013] hls: [6], lr: 0.0025, wd: 0.001, ep: 1500
[014] hls: [6], lr: 0.0025, wd: 0.0001, ep: 1500
[014] hls: [6], lr: 0.0025, wd: 0.0001, ep: 1500
[015] hls: [6], lr: 0.005, wd: 0.01, ep: 1500
[016] hls: [6], lr: 0.005, wd: 0.001, ep: 1500
[015] hls: [6], lr: 0.005, wd: 0.01, ep: 1500
[017] hls: [6], lr: 0.005, wd: 0.0001, ep: 1500
[016] hls: [6], lr: 0.005, wd: 0.001, ep: 1500
[017] hls: [6], lr: 0.005, wd: 0.0001, ep: 1500
[018] hls: [8], lr: 0.001, wd: 0.01, ep: 1500
[018] hls: [8], lr: 0.001, wd: 0.01, ep: 1500
[019] hls: [8], lr: 0.001, wd: 0.001, ep: 1500
[019] hls: [8], lr: 0.001, wd: 0.001, ep: 1500
[020] hls: [8], lr: 0.001, wd: 0.0001, ep: 1500
[020] hls: [8], lr: 0.001, wd: 0.0001, ep: 1500
[021] hls: [8], lr: 0.0025, wd: 0.01, ep: 1500
[022] hls: [8], lr: 0.0025, wd: 0.001, ep: 1500
[021] hls: [8], lr: 0.0025, wd: 0.01, ep: 1500
[022] hls: [8], lr: 0.0025, wd: 0.001, ep: 1500
[023] hls: [8], lr: 0.0025, wd: 0.0001, ep: 1500
[023] hls: [8], lr: 0.0025, wd: 0.0001, ep: 1500
[024] hls: [8], lr: 0.005, wd: 0.01, ep: 1500
[025] hls: [8], lr: 0.005, wd: 0.001, ep: 1500
[024] hls: [8], lr: 0.005, wd: 0.01, ep: 1500
[026] hls: [8], lr: 0.005, wd: 0.0001, ep: 1500
[025] hls: [8], lr: 0.005, wd: 0.001, ep: 1500
[027] hls: [16], lr: 0.001, wd: 0.01, ep: 1500
[026] hls: [8], lr: 0.005, wd: 0.0001, ep: 1500
[028] hls: [16], lr: 0.001, wd: 0.001, ep: 1500
[027] hls: [16], lr: 0.001, wd: 0.01, ep: 1500
[029] hls: [16], lr: 0.001, wd: 0.0001, ep: 1500
[028] hls: [16], lr: 0.001, wd: 0.001, ep: 1500
[030] hls: [16], lr: 0.0025, wd: 0.01, ep: 1500
[029] hls: [16], lr: 0.001, wd: 0.0001, ep: 1500
[031] hls: [16], lr: 0.0025, wd: 0.001, ep: 1500
[032] hls: [16], lr: 0.0025, wd: 0.0001, ep: 1500
[030] hls: [16], lr: 0.0025, wd: 0.01, ep: 1500
[031] hls: [16], lr: 0.0025, wd: 0.001, ep: 1500
[033] hls: [16], lr: 0.005, wd: 0.01, ep: 1500
[034] hls: [16], lr: 0.005, wd: 0.001, ep: 1500
[032] hls: [16], lr: 0.0025, wd: 0.0001, ep: 1500
[035] hls: [16], lr: 0.005, wd: 0.0001, ep: 1500
[033] hls: [16], lr: 0.005, wd: 0.01, ep: 1500
[034] hls: [16], lr: 0.005, wd: 0.001, ep: 1500
[036] hls: [32], lr: 0.001, wd: 0.01, ep: 1500
[035] hls: [16], lr: 0.005, wd: 0.0001, ep: 1500
[037] hls: [32], lr: 0.001, wd: 0.001, ep: 1500
[036] hls: [32], lr: 0.001, wd: 0.01, ep: 1500
[038] hls: [32], lr: 0.001, wd: 0.0001, ep: 1500
[037] hls: [32], lr: 0.001, wd: 0.001, ep: 1500
[039] hls: [32], lr: 0.0025, wd: 0.01, ep: 1500
[038] hls: [32], lr: 0.001, wd: 0.0001, ep: 1500
[040] hls: [32], lr: 0.0025, wd: 0.001, ep: 1500
[041] hls: [32], lr: 0.0025, wd: 0.0001, ep: 1500
[039] hls: [32], lr: 0.0025, wd: 0.01, ep: 1500
[040] hls: [32], lr: 0.0025, wd: 0.001, ep: 1500
[042] hls: [32], lr: 0.005, wd: 0.01, ep: 1500
[043] hls: [32], lr: 0.005, wd: 0.001, ep: 1500
[041] hls: [32], lr: 0.0025, wd: 0.0001, ep: 1500
[044] hls: [32], lr: 0.005, wd: 0.0001, ep: 1500
[042] hls: [32], lr: 0.005, wd: 0.01, ep: 1500
[043] hls: [32], lr: 0.005, wd: 0.001, ep: 1500
[045] hls: [64], lr: 0.001, wd: 0.01, ep: 1500
[044] hls: [32], lr: 0.005, wd: 0.0001, ep: 1500
[046] hls: [64], lr: 0.001, wd: 0.001, ep: 1500
[047] hls: [64], lr: 0.001, wd: 0.0001, ep: 1500
[045] hls: [64], lr: 0.001, wd: 0.01, ep: 1500
[046] hls: [64], lr: 0.001, wd: 0.001, ep: 1500
[048] hls: [64], lr: 0.0025, wd: 0.01, ep: 1500
[049] hls: [64], lr: 0.0025, wd: 0.001, ep: 1500
[047] hls: [64], lr: 0.001, wd: 0.0001, ep: 1500
[050] hls: [64], lr: 0.0025, wd: 0.0001, ep: 1500
[048] hls: [64], lr: 0.0025, wd: 0.01, ep: 1500
[051] hls: [64], lr: 0.005, wd: 0.01, ep: 1500
[052] hls: [64], lr: 0.005, wd: 0.001, ep: 1500
[049] hls: [64], lr: 0.0025, wd: 0.001, ep: 1500
[053] hls: [64], lr: 0.005, wd: 0.0001, ep: 1500
[050] hls: [64], lr: 0.0025, wd: 0.0001, ep: 1500
[054] hls: [16, 8], lr: 0.001, wd: 0.01, ep: 1500
[051] hls: [64], lr: 0.005, wd: 0.01, ep: 1500
[052] hls: [64], lr: 0.005, wd: 0.001, ep: 1500
[053] hls: [64], lr: 0.005, wd: 0.0001, ep: 1500
[055] hls: [16, 8], lr: 0.001, wd: 0.001, ep: 1500
[054] hls: [16, 8], lr: 0.001, wd: 0.01, ep: 1500
[056] hls: [16, 8], lr: 0.001, wd: 0.0001, ep: 1500
[055] hls: [16, 8], lr: 0.001, wd: 0.001, ep: 1500
[057] hls: [16, 8], lr: 0.0025, wd: 0.01, ep: 1500
[056] hls: [16, 8], lr: 0.001, wd: 0.0001, ep: 1500
[058] hls: [16, 8], lr: 0.0025, wd: 0.001, ep: 1500
[059] hls: [16, 8], lr: 0.0025, wd: 0.0001, ep: 1500
[057] hls: [16, 8], lr: 0.0025, wd: 0.01, ep: 1500
[058] hls: [16, 8], lr: 0.0025, wd: 0.001, ep: 1500
[060] hls: [16, 8], lr: 0.005, wd: 0.01, ep: 1500
[061] hls: [16, 8], lr: 0.005, wd: 0.001, ep: 1500
[059] hls: [16, 8], lr: 0.0025, wd: 0.0001, ep: 1500
[062] hls: [16, 8], lr: 0.005, wd: 0.0001, ep: 1500
[060] hls: [16, 8], lr: 0.005, wd: 0.01, ep: 1500
[063] hls: [32, 16], lr: 0.001, wd: 0.01, ep: 1500
[061] hls: [16, 8], lr: 0.005, wd: 0.001, ep: 1500
[064] hls: [32, 16], lr: 0.001, wd: 0.001, ep: 1500
[062] hls: [16, 8], lr: 0.005, wd: 0.0001, ep: 1500
[063] hls: [32, 16], lr: 0.001, wd: 0.01, ep: 1500
[065] hls: [32, 16], lr: 0.001, wd: 0.0001, ep: 1500
[064] hls: [32, 16], lr: 0.001, wd: 0.001, ep: 1500
[066] hls: [32, 16], lr: 0.0025, wd: 0.01, ep: 1500
[067] hls: [32, 16], lr: 0.0025, wd: 0.001, ep: 1500
[065] hls: [32, 16], lr: 0.001, wd: 0.0001, ep: 1500
[068] hls: [32, 16], lr: 0.0025, wd: 0.0001, ep: 1500
[066] hls: [32, 16], lr: 0.0025, wd: 0.01, ep: 1500
[069] hls: [32, 16], lr: 0.005, wd: 0.01, ep: 1500
[067] hls: [32, 16], lr: 0.0025, wd: 0.001, ep: 1500
[070] hls: [32, 16], lr: 0.005, wd: 0.001, ep: 1500
[071] hls: [32, 16], lr: 0.005, wd: 0.0001, ep: 1500
[068] hls: [32, 16], lr: 0.0025, wd: 0.0001, ep: 1500
[072] hls: [64, 32], lr: 0.001, wd: 0.01, ep: 1500
[069] hls: [32, 16], lr: 0.005, wd: 0.01, ep: 1500
[070] hls: [32, 16], lr: 0.005, wd: 0.001, ep: 1500
[073] hls: [64, 32], lr: 0.001, wd: 0.001, ep: 1500
[071] hls: [32, 16], lr: 0.005, wd: 0.0001, ep: 1500
[074] hls: [64, 32], lr: 0.001, wd: 0.0001, ep: 1500
[072] hls: [64, 32], lr: 0.001, wd: 0.01, ep: 1500
[075] hls: [64, 32], lr: 0.0025, wd: 0.01, ep: 1500
[073] hls: [64, 32], lr: 0.001, wd: 0.001, ep: 1500
[076] hls: [64, 32], lr: 0.0025, wd: 0.001, ep: 1500
[077] hls: [64, 32], lr: 0.0025, wd: 0.0001, ep: 1500
[074] hls: [64, 32], lr: 0.001, wd: 0.0001, ep: 1500
[078] hls: [64, 32], lr: 0.005, wd: 0.01, ep: 1500
[079] hls: [64, 32], lr: 0.005, wd: 0.001, ep: 1500
[075] hls: [64, 32], lr: 0.0025, wd: 0.01, ep: 1500
[076] hls: [64, 32], lr: 0.0025, wd: 0.001, ep: 1500
[080] hls: [64, 32], lr: 0.005, wd: 0.0001, ep: 1500
[077] hls: [64, 32], lr: 0.0025, wd: 0.0001, ep: 1500
[081] hls: [64, 32, 16], lr: 0.001, wd: 0.01, ep: 1500
[082] hls: [64, 32, 16], lr: 0.001, wd: 0.001, ep: 1500
[078] hls: [64, 32], lr: 0.005, wd: 0.01, ep: 1500
[079] hls: [64, 32], lr: 0.005, wd: 0.001, ep: 1500
[080] hls: [64, 32], lr: 0.005, wd: 0.0001, ep: 1500
[083] hls: [64, 32, 16], lr: 0.001, wd: 0.0001, ep: 1500
[081] hls: [64, 32, 16], lr: 0.001, wd: 0.01, ep: 1500
[084] hls: [64, 32, 16], lr: 0.0025, wd: 0.01, ep: 1500
[082] hls: [64, 32, 16], lr: 0.001, wd: 0.001, ep: 1500
[085] hls: [64, 32, 16], lr: 0.0025, wd: 0.001, ep: 1500
[086] hls: [64, 32, 16], lr: 0.0025, wd: 0.0001, ep: 1500
[083] hls: [64, 32, 16], lr: 0.001, wd: 0.0001, ep: 1500
[087] hls: [64, 32, 16], lr: 0.005, wd: 0.01, ep: 1500
[088] hls: [64, 32, 16], lr: 0.005, wd: 0.001, ep: 1500
[084] hls: [64, 32, 16], lr: 0.0025, wd: 0.01, ep: 1500
[089] hls: [64, 32, 16], lr: 0.005, wd: 0.0001, ep: 1500
[085] hls: [64, 32, 16], lr: 0.0025, wd: 0.001, ep: 1500
[086] hls: [64, 32, 16], lr: 0.0025, wd: 0.0001, ep: 1500
[000] hls: [4], lr: 0.001, wd: 0.01, ep: 1500
[087] hls: [64, 32, 16], lr: 0.005, wd: 0.01, ep: 1500
[001] hls: [4], lr: 0.001, wd: 0.001, ep: 1500
[088] hls: [64, 32, 16], lr: 0.005, wd: 0.001, ep: 1500
[089] hls: [64, 32, 16], lr: 0.005, wd: 0.0001, ep: 1500
[002] hls: [4], lr: 0.001, wd: 0.0001, ep: 1500
[003] hls: [4], lr: 0.0025, wd: 0.01, ep: 1500
[000] hls: [4], lr: 0.001, wd: 0.01, ep: 1500
[004] hls: [4], lr: 0.0025, wd: 0.001, ep: 1500
[001] hls: [4], lr: 0.001, wd: 0.001, ep: 1500
[005] hls: [4], lr: 0.0025, wd: 0.0001, ep: 1500
[002] hls: [4], lr: 0.001, wd: 0.0001, ep: 1500
[006] hls: [4], lr: 0.005, wd: 0.01, ep: 1500
[003] hls: [4], lr: 0.0025, wd: 0.01, ep: 1500
[007] hls: [4], lr: 0.005, wd: 0.001, ep: 1500
[004] hls: [4], lr: 0.0025, wd: 0.001, ep: 1500
[008] hls: [4], lr: 0.005, wd: 0.0001, ep: 1500
[009] hls: [6], lr: 0.001, wd: 0.01, ep: 1500
[005] hls: [4], lr: 0.0025, wd: 0.0001, ep: 1500
[010] hls: [6], lr: 0.001, wd: 0.001, ep: 1500
[006] hls: [4], lr: 0.005, wd: 0.01, ep: 1500
[007] hls: [4], lr: 0.005, wd: 0.001, ep: 1500
[011] hls: [6], lr: 0.001, wd: 0.0001, ep: 1500
[008] hls: [4], lr: 0.005, wd: 0.0001, ep: 1500
[012] hls: [6], lr: 0.0025, wd: 0.01, ep: 1500
[009] hls: [6], lr: 0.001, wd: 0.01, ep: 1500
[013] hls: [6], lr: 0.0025, wd: 0.001, ep: 1500
[010] hls: [6], lr: 0.001, wd: 0.001, ep: 1500
[014] hls: [6], lr: 0.0025, wd: 0.0001, ep: 1500
[011] hls: [6], lr: 0.001, wd: 0.0001, ep: 1500
[015] hls: [6], lr: 0.005, wd: 0.01, ep: 1500
[016] hls: [6], lr: 0.005, wd: 0.001, ep: 1500
[012] hls: [6], lr: 0.0025, wd: 0.01, ep: 1500
[017] hls: [6], lr: 0.005, wd: 0.0001, ep: 1500
[013] hls: [6], lr: 0.0025, wd: 0.001, ep: 1500
[018] hls: [8], lr: 0.001, wd: 0.01, ep: 1500
[014] hls: [6], lr: 0.0025, wd: 0.0001, ep: 1500
[019] hls: [8], lr: 0.001, wd: 0.001, ep: 1500
[015] hls: [6], lr: 0.005, wd: 0.01, ep: 1500
[016] hls: [6], lr: 0.005, wd: 0.001, ep: 1500
[020] hls: [8], lr: 0.001, wd: 0.0001, ep: 1500
[017] hls: [6], lr: 0.005, wd: 0.0001, ep: 1500
[021] hls: [8], lr: 0.0025, wd: 0.01, ep: 1500
[018] hls: [8], lr: 0.001, wd: 0.01, ep: 1500
[022] hls: [8], lr: 0.0025, wd: 0.001, ep: 1500
[019] hls: [8], lr: 0.001, wd: 0.001, ep: 1500
[023] hls: [8], lr: 0.0025, wd: 0.0001, ep: 1500
[020] hls: [8], lr: 0.001, wd: 0.0001, ep: 1500
[024] hls: [8], lr: 0.005, wd: 0.01, ep: 1500
[025] hls: [8], lr: 0.005, wd: 0.001, ep: 1500
[021] hls: [8], lr: 0.0025, wd: 0.01, ep: 1500
[022] hls: [8], lr: 0.0025, wd: 0.001, ep: 1500
[026] hls: [8], lr: 0.005, wd: 0.0001, ep: 1500
[023] hls: [8], lr: 0.0025, wd: 0.0001, ep: 1500
[027] hls: [16], lr: 0.001, wd: 0.01, ep: 1500
[024] hls: [8], lr: 0.005, wd: 0.01, ep: 1500
[028] hls: [16], lr: 0.001, wd: 0.001, ep: 1500
[025] hls: [8], lr: 0.005, wd: 0.001, ep: 1500
[026] hls: [8], lr: 0.005, wd: 0.0001, ep: 1500
[029] hls: [16], lr: 0.001, wd: 0.0001, ep: 1500
[027] hls: [16], lr: 0.001, wd: 0.01, ep: 1500
[030] hls: [16], lr: 0.0025, wd: 0.01, ep: 1500
[028] hls: [16], lr: 0.001, wd: 0.001, ep: 1500
[031] hls: [16], lr: 0.0025, wd: 0.001, ep: 1500
[029] hls: [16], lr: 0.001, wd: 0.0001, ep: 1500
[032] hls: [16], lr: 0.0025, wd: 0.0001, ep: 1500
[030] hls: [16], lr: 0.0025, wd: 0.01, ep: 1500
[031] hls: [16], lr: 0.0025, wd: 0.001, ep: 1500
[033] hls: [16], lr: 0.005, wd: 0.01, ep: 1500
[034] hls: [16], lr: 0.005, wd: 0.001, ep: 1500
[032] hls: [16], lr: 0.0025, wd: 0.0001, ep: 1500
[035] hls: [16], lr: 0.005, wd: 0.0001, ep: 1500
[033] hls: [16], lr: 0.005, wd: 0.01, ep: 1500
[034] hls: [16], lr: 0.005, wd: 0.001, ep: 1500
[036] hls: [32], lr: 0.001, wd: 0.01, ep: 1500
[035] hls: [16], lr: 0.005, wd: 0.0001, ep: 1500
[037] hls: [32], lr: 0.001, wd: 0.001, ep: 1500
[036] hls: [32], lr: 0.001, wd: 0.01, ep: 1500
[037] hls: [32], lr: 0.001, wd: 0.001, ep: 1500
[038] hls: [32], lr: 0.001, wd: 0.0001, ep: 1500
[038] hls: [32], lr: 0.001, wd: 0.0001, ep: 1500
[039] hls: [32], lr: 0.0025, wd: 0.01, ep: 1500
[039] hls: [32], lr: 0.0025, wd: 0.01, ep: 1500
[040] hls: [32], lr: 0.0025, wd: 0.001, ep: 1500
[040] hls: [32], lr: 0.0025, wd: 0.001, ep: 1500
[041] hls: [32], lr: 0.0025, wd: 0.0001, ep: 1500
[041] hls: [32], lr: 0.0025, wd: 0.0001, ep: 1500
[042] hls: [32], lr: 0.005, wd: 0.01, ep: 1500
[043] hls: [32], lr: 0.005, wd: 0.001, ep: 1500
[044] hls: [32], lr: 0.005, wd: 0.0001, ep: 1500
[042] hls: [32], lr: 0.005, wd: 0.01, ep: 1500
[045] hls: [64], lr: 0.001, wd: 0.01, ep: 1500
[043] hls: [32], lr: 0.005, wd: 0.001, ep: 1500
[046] hls: [64], lr: 0.001, wd: 0.001, ep: 1500
[044] hls: [32], lr: 0.005, wd: 0.0001, ep: 1500
[047] hls: [64], lr: 0.001, wd: 0.0001, ep: 1500
[045] hls: [64], lr: 0.001, wd: 0.01, ep: 1500
[048] hls: [64], lr: 0.0025, wd: 0.01, ep: 1500
[049] hls: [64], lr: 0.0025, wd: 0.001, ep: 1500
[046] hls: [64], lr: 0.001, wd: 0.001, ep: 1500
[050] hls: [64], lr: 0.0025, wd: 0.0001, ep: 1500
[047] hls: [64], lr: 0.001, wd: 0.0001, ep: 1500
[051] hls: [64], lr: 0.005, wd: 0.01, ep: 1500
[052] hls: [64], lr: 0.005, wd: 0.001, ep: 1500
[053] hls: [64], lr: 0.005, wd: 0.0001, ep: 1500
[054] hls: [16, 8], lr: 0.001, wd: 0.01, ep: 1500
[048] hls: [64], lr: 0.0025, wd: 0.01, ep: 1500
[049] hls: [64], lr: 0.0025, wd: 0.001, ep: 1500
[055] hls: [16, 8], lr: 0.001, wd: 0.001, ep: 1500
[050] hls: [64], lr: 0.0025, wd: 0.0001, ep: 1500
[056] hls: [16, 8], lr: 0.001, wd: 0.0001, ep: 1500
[051] hls: [64], lr: 0.005, wd: 0.01, ep: 1500
[052] hls: [64], lr: 0.005, wd: 0.001, ep: 1500
[057] hls: [16, 8], lr: 0.0025, wd: 0.01, ep: 1500
[053] hls: [64], lr: 0.005, wd: 0.0001, ep: 1500
[058] hls: [16, 8], lr: 0.0025, wd: 0.001, ep: 1500
[054] hls: [16, 8], lr: 0.001, wd: 0.01, ep: 1500
[059] hls: [16, 8], lr: 0.0025, wd: 0.0001, ep: 1500
[055] hls: [16, 8], lr: 0.001, wd: 0.001, ep: 1500
[060] hls: [16, 8], lr: 0.005, wd: 0.01, ep: 1500
[061] hls: [16, 8], lr: 0.005, wd: 0.001, ep: 1500
[062] hls: [16, 8], lr: 0.005, wd: 0.0001, ep: 1500
[056] hls: [16, 8], lr: 0.001, wd: 0.0001, ep: 1500
[063] hls: [32, 16], lr: 0.001, wd: 0.01, ep: 1500
[057] hls: [16, 8], lr: 0.0025, wd: 0.01, ep: 1500
[064] hls: [32, 16], lr: 0.001, wd: 0.001, ep: 1500
[058] hls: [16, 8], lr: 0.0025, wd: 0.001, ep: 1500
[065] hls: [32, 16], lr: 0.001, wd: 0.0001, ep: 1500
[059] hls: [16, 8], lr: 0.0025, wd: 0.0001, ep: 1500
[066] hls: [32, 16], lr: 0.0025, wd: 0.01, ep: 1500
[060] hls: [16, 8], lr: 0.005, wd: 0.01, ep: 1500
[067] hls: [32, 16], lr: 0.0025, wd: 0.001, ep: 1500
[061] hls: [16, 8], lr: 0.005, wd: 0.001, ep: 1500
[062] hls: [16, 8], lr: 0.005, wd: 0.0001, ep: 1500
[068] hls: [32, 16], lr: 0.0025, wd: 0.0001, ep: 1500
[063] hls: [32, 16], lr: 0.001, wd: 0.01, ep: 1500
[069] hls: [32, 16], lr: 0.005, wd: 0.01, ep: 1500
[070] hls: [32, 16], lr: 0.005, wd: 0.001, ep: 1500
[064] hls: [32, 16], lr: 0.001, wd: 0.001, ep: 1500
[071] hls: [32, 16], lr: 0.005, wd: 0.0001, ep: 1500
[065] hls: [32, 16], lr: 0.001, wd: 0.0001, ep: 1500
[072] hls: [64, 32], lr: 0.001, wd: 0.01, ep: 1500
[073] hls: [64, 32], lr: 0.001, wd: 0.001, ep: 1500
[066] hls: [32, 16], lr: 0.0025, wd: 0.01, ep: 1500
[067] hls: [32, 16], lr: 0.0025, wd: 0.001, ep: 1500
[074] hls: [64, 32], lr: 0.001, wd: 0.0001, ep: 1500
[068] hls: [32, 16], lr: 0.0025, wd: 0.0001, ep: 1500
[075] hls: [64, 32], lr: 0.0025, wd: 0.01, ep: 1500
[069] hls: [32, 16], lr: 0.005, wd: 0.01, ep: 1500
[076] hls: [64, 32], lr: 0.0025, wd: 0.001, ep: 1500
[070] hls: [32, 16], lr: 0.005, wd: 0.001, ep: 1500
[071] hls: [32, 16], lr: 0.005, wd: 0.0001, ep: 1500
[077] hls: [64, 32], lr: 0.0025, wd: 0.0001, ep: 1500
[072] hls: [64, 32], lr: 0.001, wd: 0.01, ep: 1500
[078] hls: [64, 32], lr: 0.005, wd: 0.01, ep: 1500
[079] hls: [64, 32], lr: 0.005, wd: 0.001, ep: 1500
[073] hls: [64, 32], lr: 0.001, wd: 0.001, ep: 1500
[080] hls: [64, 32], lr: 0.005, wd: 0.0001, ep: 1500
[081] hls: [64, 32, 16], lr: 0.001, wd: 0.01, ep: 1500
[074] hls: [64, 32], lr: 0.001, wd: 0.0001, ep: 1500
[082] hls: [64, 32, 16], lr: 0.001, wd: 0.001, ep: 1500
[075] hls: [64, 32], lr: 0.0025, wd: 0.01, ep: 1500
[076] hls: [64, 32], lr: 0.0025, wd: 0.001, ep: 1500
[083] hls: [64, 32, 16], lr: 0.001, wd: 0.0001, ep: 1500
[077] hls: [64, 32], lr: 0.0025, wd: 0.0001, ep: 1500
[084] hls: [64, 32, 16], lr: 0.0025, wd: 0.01, ep: 1500
[078] hls: [64, 32], lr: 0.005, wd: 0.01, ep: 1500
[085] hls: [64, 32, 16], lr: 0.0025, wd: 0.001, ep: 1500
[079] hls: [64, 32], lr: 0.005, wd: 0.001, ep: 1500
[080] hls: [64, 32], lr: 0.005, wd: 0.0001, ep: 1500
[086] hls: [64, 32, 16], lr: 0.0025, wd: 0.0001, ep: 1500
[081] hls: [64, 32, 16], lr: 0.001, wd: 0.01, ep: 1500
[087] hls: [64, 32, 16], lr: 0.005, wd: 0.01, ep: 1500
[088] hls: [64, 32, 16], lr: 0.005, wd: 0.001, ep: 1500
[082] hls: [64, 32, 16], lr: 0.001, wd: 0.001, ep: 1500
[089] hls: [64, 32, 16], lr: 0.005, wd: 0.0001, ep: 1500
[083] hls: [64, 32, 16], lr: 0.001, wd: 0.0001, ep: 1500
[000] hls: [4], lr: 0.001, wd: 0.01, ep: 1500
[084] hls: [64, 32, 16], lr: 0.0025, wd: 0.01, ep: 1500
[085] hls: [64, 32, 16], lr: 0.0025, wd: 0.001, ep: 1500
[001] hls: [4], lr: 0.001, wd: 0.001, ep: 1500
[086] hls: [64, 32, 16], lr: 0.0025, wd: 0.0001, ep: 1500
[002] hls: [4], lr: 0.001, wd: 0.0001, ep: 1500
[087] hls: [64, 32, 16], lr: 0.005, wd: 0.01, ep: 1500
[088] hls: [64, 32, 16], lr: 0.005, wd: 0.001, ep: 1500
[003] hls: [4], lr: 0.0025, wd: 0.01, ep: 1500
[089] hls: [64, 32, 16], lr: 0.005, wd: 0.0001, ep: 1500
[004] hls: [4], lr: 0.0025, wd: 0.001, ep: 1500
[005] hls: [4], lr: 0.0025, wd: 0.0001, ep: 1500
[000] hls: [4], lr: 0.001, wd: 0.01, ep: 1500
[006] hls: [4], lr: 0.005, wd: 0.01, ep: 1500
[001] hls: [4], lr: 0.001, wd: 0.001, ep: 1500
[007] hls: [4], lr: 0.005, wd: 0.001, ep: 1500
[002] hls: [4], lr: 0.001, wd: 0.0001, ep: 1500
[008] hls: [4], lr: 0.005, wd: 0.0001, ep: 1500
[003] hls: [4], lr: 0.0025, wd: 0.01, ep: 1500
[009] hls: [6], lr: 0.001, wd: 0.01, ep: 1500
[004] hls: [4], lr: 0.0025, wd: 0.001, ep: 1500
[010] hls: [6], lr: 0.001, wd: 0.001, ep: 1500
[005] hls: [4], lr: 0.0025, wd: 0.0001, ep: 1500
[011] hls: [6], lr: 0.001, wd: 0.0001, ep: 1500
[006] hls: [4], lr: 0.005, wd: 0.01, ep: 1500
[007] hls: [4], lr: 0.005, wd: 0.001, ep: 1500
[012] hls: [6], lr: 0.0025, wd: 0.01, ep: 1500
[008] hls: [4], lr: 0.005, wd: 0.0001, ep: 1500
[013] hls: [6], lr: 0.0025, wd: 0.001, ep: 1500
[009] hls: [6], lr: 0.001, wd: 0.01, ep: 1500
[014] hls: [6], lr: 0.0025, wd: 0.0001, ep: 1500
[010] hls: [6], lr: 0.001, wd: 0.001, ep: 1500
[015] hls: [6], lr: 0.005, wd: 0.01, ep: 1500
[016] hls: [6], lr: 0.005, wd: 0.001, ep: 1500
[011] hls: [6], lr: 0.001, wd: 0.0001, ep: 1500
[017] hls: [6], lr: 0.005, wd: 0.0001, ep: 1500
[012] hls: [6], lr: 0.0025, wd: 0.01, ep: 1500
[018] hls: [8], lr: 0.001, wd: 0.01, ep: 1500
[013] hls: [6], lr: 0.0025, wd: 0.001, ep: 1500
[019] hls: [8], lr: 0.001, wd: 0.001, ep: 1500
[014] hls: [6], lr: 0.0025, wd: 0.0001, ep: 1500
[020] hls: [8], lr: 0.001, wd: 0.0001, ep: 1500
[015] hls: [6], lr: 0.005, wd: 0.01, ep: 1500
[016] hls: [6], lr: 0.005, wd: 0.001, ep: 1500
[021] hls: [8], lr: 0.0025, wd: 0.01, ep: 1500
[022] hls: [8], lr: 0.0025, wd: 0.001, ep: 1500
[017] hls: [6], lr: 0.005, wd: 0.0001, ep: 1500
[023] hls: [8], lr: 0.0025, wd: 0.0001, ep: 1500
[018] hls: [8], lr: 0.001, wd: 0.01, ep: 1500
[024] hls: [8], lr: 0.005, wd: 0.01, ep: 1500
[019] hls: [8], lr: 0.001, wd: 0.001, ep: 1500
[025] hls: [8], lr: 0.005, wd: 0.001, ep: 1500
[026] hls: [8], lr: 0.005, wd: 0.0001, ep: 1500
[020] hls: [8], lr: 0.001, wd: 0.0001, ep: 1500
[027] hls: [16], lr: 0.001, wd: 0.01, ep: 1500
[021] hls: [8], lr: 0.0025, wd: 0.01, ep: 1500
[022] hls: [8], lr: 0.0025, wd: 0.001, ep: 1500
[028] hls: [16], lr: 0.001, wd: 0.001, ep: 1500
[023] hls: [8], lr: 0.0025, wd: 0.0001, ep: 1500
[029] hls: [16], lr: 0.001, wd: 0.0001, ep: 1500
[024] hls: [8], lr: 0.005, wd: 0.01, ep: 1500
[025] hls: [8], lr: 0.005, wd: 0.001, ep: 1500
[030] hls: [16], lr: 0.0025, wd: 0.01, ep: 1500
[031] hls: [16], lr: 0.0025, wd: 0.001, ep: 1500
[026] hls: [8], lr: 0.005, wd: 0.0001, ep: 1500
[032] hls: [16], lr: 0.0025, wd: 0.0001, ep: 1500
[027] hls: [16], lr: 0.001, wd: 0.01, ep: 1500
[033] hls: [16], lr: 0.005, wd: 0.01, ep: 1500
[028] hls: [16], lr: 0.001, wd: 0.001, ep: 1500
[034] hls: [16], lr: 0.005, wd: 0.001, ep: 1500
[035] hls: [16], lr: 0.005, wd: 0.0001, ep: 1500
[029] hls: [16], lr: 0.001, wd: 0.0001, ep: 1500
[036] hls: [32], lr: 0.001, wd: 0.01, ep: 1500
[030] hls: [16], lr: 0.0025, wd: 0.01, ep: 1500
[037] hls: [32], lr: 0.001, wd: 0.001, ep: 1500
[031] hls: [16], lr: 0.0025, wd: 0.001, ep: 1500
[038] hls: [32], lr: 0.001, wd: 0.0001, ep: 1500
[032] hls: [16], lr: 0.0025, wd: 0.0001, ep: 1500
[039] hls: [32], lr: 0.0025, wd: 0.01, ep: 1500
[033] hls: [16], lr: 0.005, wd: 0.01, ep: 1500
[040] hls: [32], lr: 0.0025, wd: 0.001, ep: 1500
[034] hls: [16], lr: 0.005, wd: 0.001, ep: 1500
[035] hls: [16], lr: 0.005, wd: 0.0001, ep: 1500
[041] hls: [32], lr: 0.0025, wd: 0.0001, ep: 1500
[036] hls: [32], lr: 0.001, wd: 0.01, ep: 1500
[042] hls: [32], lr: 0.005, wd: 0.01, ep: 1500
[043] hls: [32], lr: 0.005, wd: 0.001, ep: 1500
[037] hls: [32], lr: 0.001, wd: 0.001, ep: 1500
[044] hls: [32], lr: 0.005, wd: 0.0001, ep: 1500
[038] hls: [32], lr: 0.001, wd: 0.0001, ep: 1500
[045] hls: [64], lr: 0.001, wd: 0.01, ep: 1500
[046] hls: [64], lr: 0.001, wd: 0.001, ep: 1500
[039] hls: [32], lr: 0.0025, wd: 0.01, ep: 1500
[040] hls: [32], lr: 0.0025, wd: 0.001, ep: 1500
[047] hls: [64], lr: 0.001, wd: 0.0001, ep: 1500
[041] hls: [32], lr: 0.0025, wd: 0.0001, ep: 1500
[048] hls: [64], lr: 0.0025, wd: 0.01, ep: 1500
[049] hls: [64], lr: 0.0025, wd: 0.001, ep: 1500
[042] hls: [32], lr: 0.005, wd: 0.01, ep: 1500
[043] hls: [32], lr: 0.005, wd: 0.001, ep: 1500
[050] hls: [64], lr: 0.0025, wd: 0.0001, ep: 1500
[044] hls: [32], lr: 0.005, wd: 0.0001, ep: 1500
[051] hls: [64], lr: 0.005, wd: 0.01, ep: 1500
[045] hls: [64], lr: 0.001, wd: 0.01, ep: 1500
[052] hls: [64], lr: 0.005, wd: 0.001, ep: 1500
[046] hls: [64], lr: 0.001, wd: 0.001, ep: 1500
[053] hls: [64], lr: 0.005, wd: 0.0001, ep: 1500
[054] hls: [16, 8], lr: 0.001, wd: 0.01, ep: 1500
[047] hls: [64], lr: 0.001, wd: 0.0001, ep: 1500
[048] hls: [64], lr: 0.0025, wd: 0.01, ep: 1500
[055] hls: [16, 8], lr: 0.001, wd: 0.001, ep: 1500
[049] hls: [64], lr: 0.0025, wd: 0.001, ep: 1500
[050] hls: [64], lr: 0.0025, wd: 0.0001, ep: 1500
[056] hls: [16, 8], lr: 0.001, wd: 0.0001, ep: 1500
[051] hls: [64], lr: 0.005, wd: 0.01, ep: 1500
[052] hls: [64], lr: 0.005, wd: 0.001, ep: 1500
[053] hls: [64], lr: 0.005, wd: 0.0001, ep: 1500
[057] hls: [16, 8], lr: 0.0025, wd: 0.01, ep: 1500
[054] hls: [16, 8], lr: 0.001, wd: 0.01, ep: 1500
[058] hls: [16, 8], lr: 0.0025, wd: 0.001, ep: 1500
[059] hls: [16, 8], lr: 0.0025, wd: 0.0001, ep: 1500
[055] hls: [16, 8], lr: 0.001, wd: 0.001, ep: 1500
[060] hls: [16, 8], lr: 0.005, wd: 0.01, ep: 1500
[056] hls: [16, 8], lr: 0.001, wd: 0.0001, ep: 1500
[061] hls: [16, 8], lr: 0.005, wd: 0.001, ep: 1500
[062] hls: [16, 8], lr: 0.005, wd: 0.0001, ep: 1500
[057] hls: [16, 8], lr: 0.0025, wd: 0.01, ep: 1500
[063] hls: [32, 16], lr: 0.001, wd: 0.01, ep: 1500
[058] hls: [16, 8], lr: 0.0025, wd: 0.001, ep: 1500
[064] hls: [32, 16], lr: 0.001, wd: 0.001, ep: 1500
[059] hls: [16, 8], lr: 0.0025, wd: 0.0001, ep: 1500
[060] hls: [16, 8], lr: 0.005, wd: 0.01, ep: 1500
[065] hls: [32, 16], lr: 0.001, wd: 0.0001, ep: 1500
[061] hls: [16, 8], lr: 0.005, wd: 0.001, ep: 1500
[062] hls: [16, 8], lr: 0.005, wd: 0.0001, ep: 1500
[066] hls: [32, 16], lr: 0.0025, wd: 0.01, ep: 1500
[063] hls: [32, 16], lr: 0.001, wd: 0.01, ep: 1500
[067] hls: [32, 16], lr: 0.0025, wd: 0.001, ep: 1500
[064] hls: [32, 16], lr: 0.001, wd: 0.001, ep: 1500
[068] hls: [32, 16], lr: 0.0025, wd: 0.0001, ep: 1500
[069] hls: [32, 16], lr: 0.005, wd: 0.01, ep: 1500
[065] hls: [32, 16], lr: 0.001, wd: 0.0001, ep: 1500
[070] hls: [32, 16], lr: 0.005, wd: 0.001, ep: 1500
[071] hls: [32, 16], lr: 0.005, wd: 0.0001, ep: 1500
[066] hls: [32, 16], lr: 0.0025, wd: 0.01, ep: 1500
[067] hls: [32, 16], lr: 0.0025, wd: 0.001, ep: 1500
[072] hls: [64, 32], lr: 0.001, wd: 0.01, ep: 1500
[068] hls: [32, 16], lr: 0.0025, wd: 0.0001, ep: 1500
[073] hls: [64, 32], lr: 0.001, wd: 0.001, ep: 1500
[069] hls: [32, 16], lr: 0.005, wd: 0.01, ep: 1500
[074] hls: [64, 32], lr: 0.001, wd: 0.0001, ep: 1500
[070] hls: [32, 16], lr: 0.005, wd: 0.001, ep: 1500
[071] hls: [32, 16], lr: 0.005, wd: 0.0001, ep: 1500
[075] hls: [64, 32], lr: 0.0025, wd: 0.01, ep: 1500
[072] hls: [64, 32], lr: 0.001, wd: 0.01, ep: 1500
[076] hls: [64, 32], lr: 0.0025, wd: 0.001, ep: 1500
[073] hls: [64, 32], lr: 0.001, wd: 0.001, ep: 1500
[077] hls: [64, 32], lr: 0.0025, wd: 0.0001, ep: 1500
[074] hls: [64, 32], lr: 0.001, wd: 0.0001, ep: 1500
[078] hls: [64, 32], lr: 0.005, wd: 0.01, ep: 1500
[079] hls: [64, 32], lr: 0.005, wd: 0.001, ep: 1500
[080] hls: [64, 32], lr: 0.005, wd: 0.0001, ep: 1500
[075] hls: [64, 32], lr: 0.0025, wd: 0.01, ep: 1500
[076] hls: [64, 32], lr: 0.0025, wd: 0.001, ep: 1500
[081] hls: [64, 32, 16], lr: 0.001, wd: 0.01, ep: 1500
[077] hls: [64, 32], lr: 0.0025, wd: 0.0001, ep: 1500
[082] hls: [64, 32, 16], lr: 0.001, wd: 0.001, ep: 1500
[078] hls: [64, 32], lr: 0.005, wd: 0.01, ep: 1500
[079] hls: [64, 32], lr: 0.005, wd: 0.001, ep: 1500
[083] hls: [64, 32, 16], lr: 0.001, wd: 0.0001, ep: 1500
[080] hls: [64, 32], lr: 0.005, wd: 0.0001, ep: 1500
[081] hls: [64, 32, 16], lr: 0.001, wd: 0.01, ep: 1500
[084] hls: [64, 32, 16], lr: 0.0025, wd: 0.01, ep: 1500
[085] hls: [64, 32, 16], lr: 0.0025, wd: 0.001, ep: 1500
[082] hls: [64, 32, 16], lr: 0.001, wd: 0.001, ep: 1500
[086] hls: [64, 32, 16], lr: 0.0025, wd: 0.0001, ep: 1500
[083] hls: [64, 32, 16], lr: 0.001, wd: 0.0001, ep: 1500
[087] hls: [64, 32, 16], lr: 0.005, wd: 0.01, ep: 1500
[088] hls: [64, 32, 16], lr: 0.005, wd: 0.001, ep: 1500
[084] hls: [64, 32, 16], lr: 0.0025, wd: 0.01, ep: 1500
[089] hls: [64, 32, 16], lr: 0.005, wd: 0.0001, ep: 1500
[085] hls: [64, 32, 16], lr: 0.0025, wd: 0.001, ep: 1500
[086] hls: [64, 32, 16], lr: 0.0025, wd: 0.0001, ep: 1500
[087] hls: [64, 32, 16], lr: 0.005, wd: 0.01, ep: 1500
[088] hls: [64, 32, 16], lr: 0.005, wd: 0.001, ep: 1500
[089] hls: [64, 32, 16], lr: 0.005, wd: 0.0001, ep: 1500
